    1  
    2  docker stop centos7
    3  docker stop centos7
    4  exit
    5  ls /
    6  ls /user
    7  pwd
    8  cd /root
    9  pwd
   10  cd user
   11  cd /user
   12  pwd
   13  cd-
   14  cd /
   15  cd /user
   16  ls
   17  cd /usr
   18  cd /
   19  cd home
   20  mkdir test1
   21  ls
   22  cd /home
   23  mkdir test2/test3
   24  cd /home
   25  mkdir -p test2/test3
   26  ls test2
   27  cd /home
   28  touch test1/index.php
   29  ls test1
   30  cd /home/test1 && ls
   31  cd /home/test1
   32  cp index.php copy.php
   33  ls
   34  cd /home
   35  cp -r test1 test4
   36  ls
   37  ls test4
   38  cd /home
   39  mv test2/test3 test3
   40  ls
   41  cd /home
   42  mv test4 test1_copy
   43  ls
   44  cd /home
   45  ls test1
   46  rm test1/copy.php
   47  ls
   48  ls test1
   49  cd /home
   50  rm -r test3
   51  ls
   52  cd /home
   53  rm test1_copy/*.php
   54  ls test1_copy
   55  cd /
   56  ls
   57  cd /home
   58  ls
   59  ls test1
   60  cd/
   61  cd /home
   62  cat README.md
   63  cd /home
   64  echo '# Hello World' > README.md
   65  cat README.md
   66  echo '# Server Lesson' > README.md
   67  cat README.md
   68  cd /home
   69  echo 'Linux Practice' >> README.md
   70  echo '-----------------' >> README.md
   71  cat README.md
   72  cd /home
   73  vi README.md
   74  vi README.md
   75  cd /root
   76  mkdir server_lesson && cd server_lesson
   77  yum updata -y && yum -y install git
   78  git version
   79  git version
   80  yum updata -y && yum -y install git
   81  yum updata -y
   82  yum install -y
   83  yum updata -y && yum -y install git
   84  yum check-updata
   85  yum info
   86  yum -y install git
   87* 
   88  yum updata -y
   89  git init
   90  touch first.txt
   91  ls
   92  mkdir -p linux_practice1/public
   93  touch public/index.php
   94  ls
   95  cd /linux_practice1
   96  cd linux_practice1
   97  touch public/index.php
   98  cp index.php index_bk.php
   99  cd public
  100  cp index.php index_bk.php
  101  ls
  102  cd linux_practice1
  103  cd /linux_practice1
  104  cd -
  105  cp -r public tmp
  106  ls
  107  cd tmp
  108  ls
  109  cd -
  110  cd tmp
  111  ls
  112  cd index_bk.php
  113  rm tmp/index_bk.php
  114  rm index_bk.php
  115  ls
  116  cd /server_lesson
  117  cd-
  118  cd -
  119  cd -
  120  cd -
  121  cd /
  122  cd /server lesson
  123  ls
  124  cd /root/server_lesson
  125  touch README.md
  126  ls
  127  vi READEME.md
  128  cd /root/server_lesson
  129  ls
  130  mkdir -p linux_practice2/documents
  131  ls
  132  cd /linux_practice2
  133  cd linux_practice2
  134  touch gizumo{01..50}.md
  135  ls
  136  rm *.md
  137  ls
  138  rm gizumo08.md
  139  ls
  140  touch documents/gizumo{01..50}.md
  141  ls
  142  cd documents
  143  ls
  144  cd-
  145  cd -
  146  cd -
  147  cd -
  148* 
  149* 
  150  cd documents
  151  mv gizumo2*.md gizumo3*.md gizumo4*.md trash
  152  cd trash
  153  cd -
  154  cd trash
  155  cd -
  156  mv gizumo2*.md trash
  157  cd documents
  158  mv gizumo2*.md trash
  159  mv gizumo2*.md /trash
  160  cd -
  161  mv documents/gizumo2*.md trash
  162  mv documents/gizumo3*.md trash
  163  mv documents/gizumo4*.md trash
  164  ls
  165  cd trash
  166  ls
  167  cd -
  168  mv trash/gizumo4*.md documents
  169  ls
  170  cd documents
  171  ls
  172  cd -
  173  mv documents/gizumo40.md trash
  174  cd trsh
  175  cd trash
  176  ls
  177  cd -
  178  touch .gitignore
  179  ls
  180  touch .gitignore
  181  ls
  182* touch gitignore
  183  ls
  184  touch linux.gitignore
  185  ls
  186  rm linux.gitignore
  187  ls
  188  touch .gitignore
  189  ls
  190  open .gitignore
  191  vi .gitignore
  192  history 300 > exec_command.log
